[0.000000] (-) TimerEvent: {}
[0.000416] (auto_drive) JobQueued: {'identifier': 'auto_drive', 'dependencies': OrderedDict()}
[0.000506] (imu_odometry) JobQueued: {'identifier': 'imu_odometry', 'dependencies': OrderedDict()}
[0.000562] (lidar_distance) JobQueued: {'identifier': 'lidar_distance', 'dependencies': OrderedDict()}
[0.000608] (move_pos) JobQueued: {'identifier': 'move_pos', 'dependencies': OrderedDict()}
[0.000650] (nav2_launch) JobQueued: {'identifier': 'nav2_launch', 'dependencies': OrderedDict()}
[0.000927] (sbus_control) JobQueued: {'identifier': 'sbus_control', 'dependencies': OrderedDict()}
[0.000991] (temperature_publisher) JobQueued: {'identifier': 'temperature_publisher', 'dependencies': OrderedDict()}
[0.001038] (yuntai_control) JobQueued: {'identifier': 'yuntai_control', 'dependencies': OrderedDict()}
[0.001082] (auto_drive) JobStarted: {'identifier': 'auto_drive'}
[0.088740] (imu_odometry) JobStarted: {'identifier': 'imu_odometry'}
[0.096637] (-) TimerEvent: {}
[0.144778] (lidar_distance) JobStarted: {'identifier': 'lidar_distance'}
[0.183698] (move_pos) JobStarted: {'identifier': 'move_pos'}
[0.196788] (-) TimerEvent: {}
[0.297375] (-) TimerEvent: {}
[0.398077] (-) TimerEvent: {}
[0.498728] (-) TimerEvent: {}
[0.599408] (-) TimerEvent: {}
[0.700075] (-) TimerEvent: {}
[0.800743] (-) TimerEvent: {}
[0.901715] (-) TimerEvent: {}
[1.002504] (-) TimerEvent: {}
[1.103296] (-) TimerEvent: {}
[1.205195] (-) TimerEvent: {}
[1.305875] (-) TimerEvent: {}
[1.406550] (-) TimerEvent: {}
[1.507245] (-) TimerEvent: {}
[1.607919] (-) TimerEvent: {}
[1.708595] (-) TimerEvent: {}
[1.809425] (-) TimerEvent: {}
[1.910135] (-) TimerEvent: {}
[2.011087] (-) TimerEvent: {}
[2.111948] (-) TimerEvent: {}
[2.212712] (-) TimerEvent: {}
[2.313556] (-) TimerEvent: {}
[2.415197] (-) TimerEvent: {}
[2.516158] (-) TimerEvent: {}
[2.617092] (-) TimerEvent: {}
[2.718246] (-) TimerEvent: {}
[2.818914] (-) TimerEvent: {}
[2.919587] (-) TimerEvent: {}
[3.020391] (-) TimerEvent: {}
[3.121139] (-) TimerEvent: {}
[3.221900] (-) TimerEvent: {}
[3.322557] (-) TimerEvent: {}
[3.423563] (-) TimerEvent: {}
[3.524497] (-) TimerEvent: {}
[3.625217] (-) TimerEvent: {}
[3.726394] (-) TimerEvent: {}
[3.827907] (-) TimerEvent: {}
[3.928581] (-) TimerEvent: {}
[4.029263] (-) TimerEvent: {}
[4.130653] (-) TimerEvent: {}
[4.231642] (-) TimerEvent: {}
[4.332835] (-) TimerEvent: {}
[4.440616] (-) TimerEvent: {}
[4.542520] (-) TimerEvent: {}
[4.643742] (-) TimerEvent: {}
[4.744472] (-) TimerEvent: {}
[4.845349] (-) TimerEvent: {}
[4.946179] (-) TimerEvent: {}
[5.047041] (-) TimerEvent: {}
[5.148205] (-) TimerEvent: {}
[5.249288] (-) TimerEvent: {}
[5.350477] (-) TimerEvent: {}
[5.451604] (-) TimerEvent: {}
[5.552408] (-) TimerEvent: {}
[5.653543] (-) TimerEvent: {}
[5.754350] (-) TimerEvent: {}
[5.855388] (-) TimerEvent: {}
[5.956310] (-) TimerEvent: {}
[6.057552] (-) TimerEvent: {}
[6.158540] (-) TimerEvent: {}
[6.259729] (-) TimerEvent: {}
[6.360679] (-) TimerEvent: {}
[6.462413] (-) TimerEvent: {}
[6.563501] (-) TimerEvent: {}
[6.664452] (-) TimerEvent: {}
[6.766337] (-) TimerEvent: {}
[6.867911] (-) TimerEvent: {}
[6.970938] (-) TimerEvent: {}
[7.072170] (-) TimerEvent: {}
[7.173083] (-) TimerEvent: {}
[7.273988] (-) TimerEvent: {}
[7.374658] (-) TimerEvent: {}
[7.475319] (-) TimerEvent: {}
[7.575992] (-) TimerEvent: {}
[7.676651] (-) TimerEvent: {}
[7.777341] (-) TimerEvent: {}
[7.878029] (-) TimerEvent: {}
[7.978696] (-) TimerEvent: {}
[8.079354] (-) TimerEvent: {}
[8.180484] (-) TimerEvent: {}
[8.281844] (-) TimerEvent: {}
[8.382570] (-) TimerEvent: {}
[8.483211] (-) TimerEvent: {}
[8.583878] (-) TimerEvent: {}
[8.686507] (-) TimerEvent: {}
[8.787116] (-) TimerEvent: {}
[8.887801] (-) TimerEvent: {}
[8.988455] (-) TimerEvent: {}
[9.089443] (-) TimerEvent: {}
[9.190110] (-) TimerEvent: {}
[9.290748] (-) TimerEvent: {}
[9.391412] (-) TimerEvent: {}
[9.492299] (-) TimerEvent: {}
[9.593280] (-) TimerEvent: {}
[9.694308] (-) TimerEvent: {}
[9.794941] (-) TimerEvent: {}
[9.895601] (-) TimerEvent: {}
[9.996260] (-) TimerEvent: {}
[10.098951] (-) TimerEvent: {}
[10.199749] (-) TimerEvent: {}
[10.302035] (-) TimerEvent: {}
[10.402700] (-) TimerEvent: {}
[10.504595] (-) TimerEvent: {}
[10.607105] (-) TimerEvent: {}
[10.708041] (-) TimerEvent: {}
[10.809837] (-) TimerEvent: {}
[10.910672] (-) TimerEvent: {}
[11.011387] (-) TimerEvent: {}
[11.055477] (imu_odometry) StderrLine: {'line': b'Traceback (most recent call last):\n  File "/usr/lib/python3/dist-packages/colcon_parallel_executor/executor/parallel.py", line 75, in execute\n    loop.run_until_complete(future)\n  File "/usr/lib/python3.10/asyncio/base_events.py", line 636, in run_until_complete\n    self.run_forever()\n  File "/usr/lib/python3.10/asyncio/base_events.py", line 603, in run_forever\n    self._run_once()\n  File "/usr/lib/python3.10/asyncio/base_events.py", line 1871, in _run_once\n    event_list = self._selector.select(timeout)\n  File "/usr/lib/python3.10/selectors.py", line 469, in select\n    fd_event_list = self._selector.poll(timeout, max_ev)\nKeyboardInterrupt\n\nDuring handling of the above exception, another exception occurred:\n\nTraceback (most recent call last):\n  File "/usr/lib/python3/dist-packages/colcon_core/executor/__init__.py", line 91, in __call__\n    rc = await self.task(*args, **kwargs)\n  File "/usr/lib/python3/dist-packages/colcon_core/task/__init__.py", line 93, in __call__\n    return await task_method(*args, **kwargs)\n  File "/usr/lib/python3/dist-packages/colcon_ros/task/ament_python/build.py", line 102, in build\n    return await extension.build(additional_hooks=additional_hooks)\n  File "/usr/lib/python3/dist-packages/colcon_core/task/python/build.py", line 96, in build\n    available_commands = await self._get_available_commands(\n  File "/usr/lib/python3/dist-packages/colcon_core/task/python/build.py", line 194, in _get_available_commands\n    output = await check_output(\n  File "/usr/lib/python3/dist-packages/colcon_core/subprocess.py", line 129, in check_output\n    assert not rc, f\'Expected {args} to pass: {stderr_data}\'\nAssertionError: Expected [\'/usr/bin/python3\', \'-W\', \'ignore:setup.py install is deprecated\', \'-W\', \'ignore:easy_install command is deprecated\', \'setup.py\', \'--help-commands\'] to pass: \n'}
[11.056802] (imu_odometry) JobEnded: {'identifier': 'imu_odometry', 'rc': 'SIGINT'}
[11.111554] (-) TimerEvent: {}
[11.212210] (-) TimerEvent: {}
[11.312939] (-) TimerEvent: {}
[11.413645] (-) TimerEvent: {}
[11.463827] (move_pos) JobEnded: {'identifier': 'move_pos', 'rc': 'SIGINT'}
[11.479802] (lidar_distance) JobEnded: {'identifier': 'lidar_distance', 'rc': 'SIGINT'}
[11.513806] (-) TimerEvent: {}
[11.522225] (auto_drive) JobEnded: {'identifier': 'auto_drive', 'rc': 'SIGINT'}
[11.534049] (nav2_launch) JobSkipped: {'identifier': 'nav2_launch'}
[11.534397] (sbus_control) JobSkipped: {'identifier': 'sbus_control'}
[11.534477] (temperature_publisher) JobSkipped: {'identifier': 'temperature_publisher'}
[11.534530] (yuntai_control) JobSkipped: {'identifier': 'yuntai_control'}
[11.534574] (-) EventReactorShutdown: {}
