/usr/bin/ld: CMakeFiles/temperature_publisher.dir/src/temperature_publisher.cpp.o: in function `TemperaturePublisher::~TemperaturePublisher()':
temperature_publisher.cpp:(.text._ZN20TemperaturePublisherD2Ev[_ZN20TemperaturePublisherD5Ev]+0x38): undefined reference to `SV_NET_DEV_StopRealPlay'
/usr/bin/ld: temperature_publisher.cpp:(.text._ZN20TemperaturePublisherD2Ev[_ZN20TemperaturePublisherD5Ev]+0x54): undefined reference to `SV_NET_DEV_Logout'
/usr/bin/ld: CMakeFiles/temperature_publisher.dir/src/temperature_publisher.cpp.o: in function `TemperaturePublisher::init_lib()':
temperature_publisher.cpp:(.text._ZN20TemperaturePublisher8init_libEv[_ZN20TemperaturePublisher8init_libEv]+0x28): undefined reference to `SV_NET_DEV_SDK_Init'
/usr/bin/ld: CMakeFiles/temperature_publisher.dir/src/temperature_publisher.cpp.o: in function `TemperaturePublisher::login_device()':
temperature_publisher.cpp:(.text._ZN20TemperaturePublisher12login_deviceEv[_ZN20TemperaturePublisher12login_deviceEv]+0xb4): undefined reference to `SV_NET_DEV_Login'
/usr/bin/ld: CMakeFiles/temperature_publisher.dir/src/temperature_publisher.cpp.o: in function `TemperaturePublisher::start_real_play()':
temperature_publisher.cpp:(.text._ZN20TemperaturePublisher15start_real_playEv[_ZN20TemperaturePublisher15start_real_playEv]+0x70): undefined reference to `SV_NET_DEV_RealPlay'
/usr/bin/ld: temperature_publisher.cpp:(.text._ZN20TemperaturePublisher15start_real_playEv[_ZN20TemperaturePublisher15start_real_playEv]+0x90): undefined reference to `SV_NET_DEV_GetLastError'
/usr/bin/ld: CMakeFiles/temperature_publisher.dir/src/temperature_publisher.cpp.o: in function `TemperaturePublisher::fThmlDataCallBack(int, unsigned int, unsigned char*, unsigned int, unsigned int, void*)':
temperature_publisher.cpp:(.text._ZN20TemperaturePublisher17fThmlDataCallBackEijPhjjPv[_ZN20TemperaturePublisher17fThmlDataCallBackEijPhjjPv]+0x278): undefined reference to `SV_NET_DEV_GetThmlMtRuleListConfig_V13'
collect2: error: ld returned 1 exit status
gmake[2]: *** [CMakeFiles/temperature_publisher.dir/build.make:159：temperature_publisher] 错误 1
gmake[1]: *** [CMakeFiles/Makefile2:137：CMakeFiles/temperature_publisher.dir/all] 错误 2
gmake: *** [Makefile:146：all] 错误 2
