[1.848s] Invoking command in '/home/bestway/bestway_ws/build/temperature_publisher': CMAKE_PREFIX_PATH=${CMAKE_PREFIX_PATH}:/home/bestway/bestway_ws/install/yuntai_control:/home/bestway/bestway_ws/install/sbus_control:/home/bestway/bestway_ws/install/lidar_distance:/home/bestway/bestway_ws/install/auto_drive:/opt/ros/humble /usr/bin/cmake /home/bestway/bestway_ws/src/temperature_publisher -DCMAKE_INSTALL_PREFIX=/home/bestway/bestway_ws/install/temperature_publisher
[1.971s] -- The C compiler identification is GNU 11.4.0
[2.089s] -- The CXX compiler identification is GNU 11.4.0
[2.104s] -- Detecting C compiler ABI info
[2.254s] -- Detecting C compiler ABI info - done
[2.275s] -- Check for working C compiler: /usr/bin/cc - skipped
[2.276s] -- Detecting C compile features
[2.277s] -- Detecting C compile features - done
[2.285s] -- Detecting CXX compiler ABI info
[2.540s] -- Detecting CXX compiler ABI info - done
[2.571s] -- Check for working CXX compiler: /usr/bin/c++ - skipped
[2.572s] -- Detecting CXX compile features
[2.574s] -- Detecting CXX compile features - done
[2.599s] -- Found ament_cmake: 1.3.11 (/opt/ros/humble/share/ament_cmake/cmake)
[3.137s] -- Found Python3: /usr/bin/python3 (found version "3.10.12") found components: Interpreter 
[3.407s] -- Found rclcpp: 16.0.12 (/opt/ros/humble/share/rclcpp/cmake)
[3.535s] -- Found rosidl_generator_c: 3.1.6 (/opt/ros/humble/share/rosidl_generator_c/cmake)
[3.553s] -- Found rosidl_adapter: 3.1.6 (/opt/ros/humble/share/rosidl_adapter/cmake)
[3.580s] -- Found rosidl_generator_cpp: 3.1.6 (/opt/ros/humble/share/rosidl_generator_cpp/cmake)
[3.616s] -- Using all available rosidl_typesupport_c: rosidl_typesupport_fastrtps_c;rosidl_typesupport_introspection_c
[3.664s] -- Using all available rosidl_typesupport_cpp: rosidl_typesupport_fastrtps_cpp;rosidl_typesupport_introspection_cpp
[3.812s] -- Found rmw_implementation_cmake: 6.1.2 (/opt/ros/humble/share/rmw_implementation_cmake/cmake)
[3.823s] -- Found rmw_fastrtps_cpp: 6.2.7 (/opt/ros/humble/share/rmw_fastrtps_cpp/cmake)
[4.072s] -- Found OpenSSL: /usr/lib/aarch64-linux-gnu/libcrypto.so (found version "3.0.2")  
[4.136s] -- Found FastRTPS: /opt/ros/humble/include  
[4.232s] -- Using RMW implementation 'rmw_fastrtps_cpp' as default
[4.259s] -- Looking for pthread.h
[4.409s] -- Looking for pthread.h - found
[4.412s] -- Performing Test CMAKE_HAVE_LIBC_PTHREAD
[4.608s] -- Performing Test CMAKE_HAVE_LIBC_PTHREAD - Success
[4.612s] -- Found Threads: TRUE  
[4.912s] -- Configuring done
[4.933s] -- Generating done
[4.941s] -- Build files have been written to: /home/bestway/bestway_ws/build/temperature_publisher
[4.968s] Invoked command in '/home/bestway/bestway_ws/build/temperature_publisher' returned '0': CMAKE_PREFIX_PATH=${CMAKE_PREFIX_PATH}:/home/bestway/bestway_ws/install/yuntai_control:/home/bestway/bestway_ws/install/sbus_control:/home/bestway/bestway_ws/install/lidar_distance:/home/bestway/bestway_ws/install/auto_drive:/opt/ros/humble /usr/bin/cmake /home/bestway/bestway_ws/src/temperature_publisher -DCMAKE_INSTALL_PREFIX=/home/bestway/bestway_ws/install/temperature_publisher
[4.972s] Invoking command in '/home/bestway/bestway_ws/build/temperature_publisher': CMAKE_PREFIX_PATH=${CMAKE_PREFIX_PATH}:/home/bestway/bestway_ws/install/yuntai_control:/home/bestway/bestway_ws/install/sbus_control:/home/bestway/bestway_ws/install/lidar_distance:/home/bestway/bestway_ws/install/auto_drive:/opt/ros/humble /usr/bin/cmake --build /home/bestway/bestway_ws/build/temperature_publisher -- -j4 -l4
[5.094s] [ 50%] [32mBuilding CXX object CMakeFiles/temperature_publisher.dir/src/temperature_publisher.cpp.o[0m
[14.910s] [100%] [32m[1mLinking CXX executable temperature_publisher[0m
[15.257s] /usr/bin/ld: CMakeFiles/temperature_publisher.dir/src/temperature_publisher.cpp.o: in function `TemperaturePublisher::~TemperaturePublisher()':
[15.257s] temperature_publisher.cpp:(.text._ZN20TemperaturePublisherD2Ev[_ZN20TemperaturePublisherD5Ev]+0x38): undefined reference to `SV_NET_DEV_StopRealPlay'
[15.258s] /usr/bin/ld: temperature_publisher.cpp:(.text._ZN20TemperaturePublisherD2Ev[_ZN20TemperaturePublisherD5Ev]+0x54): undefined reference to `SV_NET_DEV_Logout'
[15.258s] /usr/bin/ld: CMakeFiles/temperature_publisher.dir/src/temperature_publisher.cpp.o: in function `TemperaturePublisher::init_lib()':
[15.258s] temperature_publisher.cpp:(.text._ZN20TemperaturePublisher8init_libEv[_ZN20TemperaturePublisher8init_libEv]+0x28): undefined reference to `SV_NET_DEV_SDK_Init'
[15.258s] /usr/bin/ld: CMakeFiles/temperature_publisher.dir/src/temperature_publisher.cpp.o: in function `TemperaturePublisher::login_device()':
[15.259s] temperature_publisher.cpp:(.text._ZN20TemperaturePublisher12login_deviceEv[_ZN20TemperaturePublisher12login_deviceEv]+0xb4): undefined reference to `SV_NET_DEV_Login'
[15.259s] /usr/bin/ld: CMakeFiles/temperature_publisher.dir/src/temperature_publisher.cpp.o: in function `TemperaturePublisher::start_real_play()':
[15.259s] temperature_publisher.cpp:(.text._ZN20TemperaturePublisher15start_real_playEv[_ZN20TemperaturePublisher15start_real_playEv]+0x70): undefined reference to `SV_NET_DEV_RealPlay'
[15.259s] /usr/bin/ld: temperature_publisher.cpp:(.text._ZN20TemperaturePublisher15start_real_playEv[_ZN20TemperaturePublisher15start_real_playEv]+0x90): undefined reference to `SV_NET_DEV_GetLastError'
[15.259s] /usr/bin/ld: CMakeFiles/temperature_publisher.dir/src/temperature_publisher.cpp.o: in function `TemperaturePublisher::fThmlDataCallBack(int, unsigned int, unsigned char*, unsigned int, unsigned int, void*)':
[15.259s] temperature_publisher.cpp:(.text._ZN20TemperaturePublisher17fThmlDataCallBackEijPhjjPv[_ZN20TemperaturePublisher17fThmlDataCallBackEijPhjjPv]+0x278): undefined reference to `SV_NET_DEV_GetThmlMtRuleListConfig_V13'
[15.303s] collect2: error: ld returned 1 exit status
[15.307s] gmake[2]: *** [CMakeFiles/temperature_publisher.dir/build.make:159ï¼štemperature_publisher] é”™è¯¯ 1
[15.307s] gmake[1]: *** [CMakeFiles/Makefile2:137ï¼šCMakeFiles/temperature_publisher.dir/all] é”™è¯¯ 2
[15.308s] gmake: *** [Makefile:146ï¼šall] é”™è¯¯ 2
[15.313s] Invoked command in '/home/bestway/bestway_ws/build/temperature_publisher' returned '2': CMAKE_PREFIX_PATH=${CMAKE_PREFIX_PATH}:/home/bestway/bestway_ws/install/yuntai_control:/home/bestway/bestway_ws/install/sbus_control:/home/bestway/bestway_ws/install/lidar_distance:/home/bestway/bestway_ws/install/auto_drive:/opt/ros/humble /usr/bin/cmake --build /home/bestway/bestway_ws/build/temperature_publisher -- -j4 -l4
